[01:04:24] [ServerMain/INFO]: [bootstrap] Running Java 21 (OpenJDK 64-Bit Server VM 21.0.4+7-LTS; Eclipse Adoptium Temurin-21.0.4+7) on Windows 11 10.0 (amd64)
[01:04:24] [ServerMain/INFO]: [bootstrap] Loading Paper 1.21.1-132-ver/1.21.1@b48403b (2024-11-21T10:14:27Z) for Minecraft 1.21.1
[01:04:25] [ServerMain/INFO]: [PluginInitializerManager] Initializing plugins...
[01:04:26] [ServerMain/INFO]: [PluginInitializerManager] Initialized 1 plugin
[01:04:26] [ServerMain/INFO]: [PluginInitializerManager] Bukkit plugins (1):
 - SquidGame2Game2 (1.0-SNAPSHOT)
[01:04:30] [ServerMain/INFO]: Environment: Environment[sessionHost=https://sessionserver.mojang.com, servicesHost=https://api.minecraftservices.com, name=PROD]
[01:04:32] [ServerMain/INFO]: Loaded 1290 recipes
[01:04:32] [ServerMain/INFO]: Loaded 1399 advancements
[01:04:32] [Server thread/INFO]: Starting minecraft server version 1.21.1
[01:04:32] [Server thread/INFO]: Loading properties
[01:04:32] [Server thread/INFO]: This server is running Paper version 1.21.1-132-ver/1.21.1@b48403b (2024-11-21T10:14:27Z) (Implementing API version 1.21.1-R0.1-SNAPSHOT)
[01:04:33] [Server thread/INFO]: [spark] This server bundles the spark profiler. For more information please visit https://docs.papermc.io/paper/profiling
[01:04:33] [Server thread/INFO]: Using 4 threads for Netty based IO
[01:04:33] [Server thread/INFO]: Server Ping Player Sample Count: 12
[01:04:34] [Server thread/INFO]: [ChunkTaskScheduler] Chunk system is using 1 I/O threads, 4 worker threads, and population gen parallelism of 4 threads
[01:04:34] [Server thread/INFO]: Default game type: SURVIVAL
[01:04:34] [Server thread/INFO]: Generating keypair
[01:04:34] [Server thread/INFO]: Starting Minecraft server on *:25565
[01:04:34] [Server thread/INFO]: Using default channel type
[01:04:34] [Server thread/INFO]: Paper: Using Java compression from Velocity.
[01:04:34] [Server thread/INFO]: Paper: Using Java cipher from Velocity.
[01:04:34] [Server thread/INFO]: [SquidGame2Game2] Loading server plugin SquidGame2Game2 v1.0-SNAPSHOT
[01:04:34] [Server thread/INFO]: Server permissions file permissions.yml is empty, ignoring it
[01:04:34] [Server thread/WARN]: **** SERVER IS RUNNING IN OFFLINE/INSECURE MODE!
[01:04:34] [Server thread/WARN]: The server will make no attempt to authenticate usernames. Beware.
[01:04:34] [Server thread/WARN]: While this makes the game possible to play without internet access, it also opens up the ability for hackers to connect with any username they choose.
[01:04:34] [Server thread/WARN]: To change this, set "online-mode" to "true" in the server.properties file.
[01:04:34] [Server thread/INFO]: Preparing level "world"
[01:04:34] [Server thread/INFO]: Preparing start region for dimension minecraft:overworld
[01:04:35] [Server thread/INFO]: Time elapsed: 779 ms
[01:04:35] [Server thread/INFO]: Preparing start region for dimension minecraft:the_nether
[01:04:35] [Server thread/INFO]: Time elapsed: 90 ms
[01:04:35] [Server thread/INFO]: Preparing start region for dimension minecraft:the_end
[01:04:35] [Server thread/INFO]: Time elapsed: 59 ms
[01:04:35] [Server thread/INFO]: [SquidGame2Game2] Enabling SquidGame2Game2 v1.0-SNAPSHOT
[01:04:35] [Server thread/INFO]: [spark] Starting background profiler...
[01:04:35] [Server thread/INFO]: [spark] The async-profiler engine is not supported for your os/arch (windows11/amd64), so the built-in Java engine will be used instead.
[01:04:35] [Server thread/INFO]: Done preparing level "world" (1.491s)
[01:04:35] [Server thread/INFO]: Running delayed init tasks
[01:04:35] [Server thread/INFO]: Done (12.047s)! For help, type "help"
[01:04:35] [Server thread/INFO]: Timings Reset
[01:05:08] [User Authenticator #0/INFO]: UUID of player Player997 is aa02bf6c-4f02-33d2-9844-c1af5eb9bb36
[01:05:09] [Server thread/INFO]: Player997 joined the game
[01:05:09] [Server thread/INFO]: Player997[/127.0.0.1:56024] logged in with entity id 49 at ([world]9.5, 97.0, 9.5)
[01:07:11] [Server thread/INFO]: Made Player997 a server operator
[01:07:15] [Server thread/INFO]: Player997 issued server command: /gamemode creative
[01:07:15] [Server thread/INFO]: [Player997: Set own game mode to Creative Mode]
[01:07:21] [Server thread/INFO]: Player997 issued server command: /time set day
[01:07:21] [Server thread/INFO]: [Player997: Set the time to 1000]
[01:07:25] [Server thread/INFO]: Player997 issued server command: /gamerule doDaylightCycle false
[01:07:25] [Server thread/INFO]: [Player997: Gamerule doDaylightCycle is now set to: false]
[01:22:01] [Server thread/INFO]: Player997 lost connection: Disconnected
[01:22:01] [Server thread/INFO]: Player997 left the game
[01:22:31] [User Authenticator #1/INFO]: UUID of player Player207 is c5f2027d-c05b-3ad0-bbf1-20e3f4a553c8
[01:22:32] [Server thread/INFO]: Player207 joined the game
[01:22:32] [Server thread/INFO]: Player207[/127.0.0.1:56410] logged in with entity id 1793 at ([world]22.5, 109.0, 14.5)
[01:22:48] [Server thread/INFO]: Player207 lost connection: Disconnected
[01:22:48] [Server thread/INFO]: Player207 left the game
[01:22:50] [User Authenticator #1/INFO]: UUID of player Player207 is c5f2027d-c05b-3ad0-bbf1-20e3f4a553c8
[01:22:50] [Server thread/INFO]: Player207 joined the game
[01:22:50] [Server thread/INFO]: Player207[/127.0.0.1:56421] logged in with entity id 1841 at ([world]22.5, 109.0, 14.5)
[01:22:52] [Server thread/INFO]: Player207 lost connection: Disconnected
[01:22:52] [Server thread/INFO]: Player207 left the game
[01:23:15] [User Authenticator #1/INFO]: UUID of player Player590 is a7d84b43-620c-3be0-bbc6-d96e040e37ab
[01:23:16] [Server thread/INFO]: Player590 joined the game
[01:23:16] [Server thread/INFO]: Player590[/127.0.0.1:56443] logged in with entity id 1844 at ([world]24.5, 108.0, 11.5)
[01:24:11] [Server thread/INFO]: Player590 lost connection: Disconnected
[01:24:11] [Server thread/INFO]: Player590 left the game
[01:25:08] [User Authenticator #2/INFO]: UUID of player Player890 is 2210beb6-4dc2-38a8-8f45-f0cb49bb6846
[01:25:08] [Server thread/INFO]: Player890 joined the game
[01:25:08] [Server thread/INFO]: Player890[/127.0.0.1:56490] logged in with entity id 1925 at ([world]25.5, 103.0, 23.5)
[01:25:25] [Server thread/INFO]: Player890 lost connection: Disconnected
[01:25:25] [Server thread/INFO]: Player890 left the game
[01:25:47] [User Authenticator #2/INFO]: UUID of player Player388 is 5031b283-213a-3769-9d06-07f0ca40feb8
[01:25:47] [Server thread/INFO]: Player388 joined the game
[01:25:47] [Server thread/INFO]: Player388[/127.0.0.1:56514] logged in with entity id 1952 at ([world]10.5, 93.0, 23.5)
[01:27:02] [Server thread/INFO]: Player388 issued server command: /screen 3333 Player388
[01:27:02] [Server thread/INFO]: [SquidGame2Game2] Packet: ScreenPacket, sent to the client: Player388
